[2025-04-05 21:21:01,989] {taskinstance.py:670} INFO - Dependencies all met for <TaskInstance: Hello_ETL.load_transform_export 2025-04-05T15:49:52.777620+00:00 [queued]>
[2025-04-05 21:21:02,010] {taskinstance.py:670} INFO - Dependencies all met for <TaskInstance: Hello_ETL.load_transform_export 2025-04-05T15:49:52.777620+00:00 [queued]>
[2025-04-05 21:21:02,010] {taskinstance.py:880} INFO - 
--------------------------------------------------------------------------------
[2025-04-05 21:21:02,010] {taskinstance.py:881} INFO - Starting attempt 1 of 1
[2025-04-05 21:21:02,010] {taskinstance.py:882} INFO - 
--------------------------------------------------------------------------------
[2025-04-05 21:21:02,019] {taskinstance.py:901} INFO - Executing <Task(BashOperator): load_transform_export> on 2025-04-05T15:49:52.777620+00:00
[2025-04-05 21:21:02,021] {standard_task_runner.py:54} INFO - Started process 77320 to run task
[2025-04-05 21:21:02,051] {standard_task_runner.py:77} INFO - Running: ['airflow', 'run', 'Hello_ETL', 'load_transform_export', '2025-04-05T15:49:52.777620+00:00', '--job_id', '47', '--pool', 'default_pool', '--raw', '-sd', 'DAGS_FOLDER/simplest_dag.py', '--cfg_path', '/tmp/tmpumb39epq']
[2025-04-05 21:21:02,052] {standard_task_runner.py:78} INFO - Job 47: Subtask load_transform_export
[2025-04-05 21:21:02,096] {logging_mixin.py:120} INFO - Running <TaskInstance: Hello_ETL.load_transform_export 2025-04-05T15:49:52.777620+00:00 [running]> on host ROGZephyrusG14GA401QHGA401QH2abf6ae9
[2025-04-05 21:21:02,124] {bash_operator.py:113} INFO - Tmp dir root location: 
 /tmp
[2025-04-05 21:21:02,124] {bash_operator.py:134} INFO - Temporary script location: /tmp/airflowtmpr727_2su/load_transform_export4deqciq5
[2025-04-05 21:21:02,124] {bash_operator.py:146} INFO - Running command: bash /home/parveensharma/Documents/PythonPractice/Airflow_ETL/wrapper.sh 
[2025-04-05 21:21:02,135] {bash_operator.py:153} INFO - Output:
[2025-04-05 21:21:02,452] {bash_operator.py:157} INFO - Data written to /var/tmp/etl_output_20250405_21:21:02.csv
[2025-04-05 21:21:02,508] {bash_operator.py:159} INFO - Command exited with return code 0
[2025-04-05 21:21:02,524] {taskinstance.py:1057} INFO - Marking task as SUCCESS.dag_id=Hello_ETL, task_id=load_transform_export, execution_date=20250405T154952, start_date=20250405T155101, end_date=20250405T155102
[2025-04-05 21:21:07,001] {local_task_job.py:102} INFO - Task exited with return code 0
