[2025-04-05 20:49:27,451] {taskinstance.py:670} INFO - Dependencies all met for <TaskInstance: Hello_ETL.load_transform_export 2025-04-05T15:18:25.470346+00:00 [queued]>
[2025-04-05 20:49:27,472] {taskinstance.py:670} INFO - Dependencies all met for <TaskInstance: Hello_ETL.load_transform_export 2025-04-05T15:18:25.470346+00:00 [queued]>
[2025-04-05 20:49:27,472] {taskinstance.py:880} INFO - 
--------------------------------------------------------------------------------
[2025-04-05 20:49:27,472] {taskinstance.py:881} INFO - Starting attempt 1 of 1
[2025-04-05 20:49:27,472] {taskinstance.py:882} INFO - 
--------------------------------------------------------------------------------
[2025-04-05 20:49:27,479] {taskinstance.py:901} INFO - Executing <Task(BashOperator): load_transform_export> on 2025-04-05T15:18:25.470346+00:00
[2025-04-05 20:49:27,482] {standard_task_runner.py:54} INFO - Started process 67980 to run task
[2025-04-05 20:49:27,511] {standard_task_runner.py:77} INFO - Running: ['airflow', 'run', 'Hello_ETL', 'load_transform_export', '2025-04-05T15:18:25.470346+00:00', '--job_id', '44', '--pool', 'default_pool', '--raw', '-sd', 'DAGS_FOLDER/simplest_dag.py', '--cfg_path', '/tmp/tmprm18zw5h']
[2025-04-05 20:49:27,511] {standard_task_runner.py:78} INFO - Job 44: Subtask load_transform_export
[2025-04-05 20:49:27,564] {logging_mixin.py:120} INFO - Running <TaskInstance: Hello_ETL.load_transform_export 2025-04-05T15:18:25.470346+00:00 [running]> on host ROGZephyrusG14GA401QHGA401QH2abf6ae9
[2025-04-05 20:49:27,598] {bash_operator.py:113} INFO - Tmp dir root location: 
 /tmp
[2025-04-05 20:49:27,599] {bash_operator.py:134} INFO - Temporary script location: /tmp/airflowtmp4p6ft45t/load_transform_exportcoan2joe
[2025-04-05 20:49:27,599] {bash_operator.py:146} INFO - Running command: bash /home/parveensharma/Documents/PythonPractice/Airflow_ETL/wrapper.sh 
[2025-04-05 20:49:27,607] {bash_operator.py:153} INFO - Output:
[2025-04-05 20:49:27,886] {bash_operator.py:157} INFO - Data written to /var/tmp/etl_output_20250405_20:49:27.csv
[2025-04-05 20:49:27,925] {bash_operator.py:159} INFO - Command exited with return code 0
[2025-04-05 20:49:27,939] {taskinstance.py:1057} INFO - Marking task as SUCCESS.dag_id=Hello_ETL, task_id=load_transform_export, execution_date=20250405T151825, start_date=20250405T151927, end_date=20250405T151927
[2025-04-05 20:49:32,483] {local_task_job.py:102} INFO - Task exited with return code 0
