[2025-04-05 21:22:45,335] {taskinstance.py:670} INFO - Dependencies all met for <TaskInstance: Hello_ETL.load_transform_export 2025-04-05T15:51:41.703135+00:00 [queued]>
[2025-04-05 21:22:45,352] {taskinstance.py:670} INFO - Dependencies all met for <TaskInstance: Hello_ETL.load_transform_export 2025-04-05T15:51:41.703135+00:00 [queued]>
[2025-04-05 21:22:45,353] {taskinstance.py:880} INFO - 
--------------------------------------------------------------------------------
[2025-04-05 21:22:45,353] {taskinstance.py:881} INFO - Starting attempt 1 of 1
[2025-04-05 21:22:45,353] {taskinstance.py:882} INFO - 
--------------------------------------------------------------------------------
[2025-04-05 21:22:45,360] {taskinstance.py:901} INFO - Executing <Task(BashOperator): load_transform_export> on 2025-04-05T15:51:41.703135+00:00
[2025-04-05 21:22:45,363] {standard_task_runner.py:54} INFO - Started process 78184 to run task
[2025-04-05 21:22:45,394] {standard_task_runner.py:77} INFO - Running: ['airflow', 'run', 'Hello_ETL', 'load_transform_export', '2025-04-05T15:51:41.703135+00:00', '--job_id', '48', '--pool', 'default_pool', '--raw', '-sd', 'DAGS_FOLDER/simplest_dag.py', '--cfg_path', '/tmp/tmptl06tbpr']
[2025-04-05 21:22:45,395] {standard_task_runner.py:78} INFO - Job 48: Subtask load_transform_export
[2025-04-05 21:22:45,455] {logging_mixin.py:120} INFO - Running <TaskInstance: Hello_ETL.load_transform_export 2025-04-05T15:51:41.703135+00:00 [running]> on host ROGZephyrusG14GA401QHGA401QH2abf6ae9
[2025-04-05 21:22:45,485] {bash_operator.py:113} INFO - Tmp dir root location: 
 /tmp
[2025-04-05 21:22:45,485] {bash_operator.py:134} INFO - Temporary script location: /tmp/airflowtmpunx_pnoi/load_transform_exporthsyeei3w
[2025-04-05 21:22:45,485] {bash_operator.py:146} INFO - Running command: bash /home/parveensharma/Documents/PythonPractice/Airflow_ETL/wrapper.sh 
[2025-04-05 21:22:45,493] {bash_operator.py:153} INFO - Output:
[2025-04-05 21:22:45,807] {bash_operator.py:157} INFO - Data written to /var/tmp/etl_output_20250405_21:22:45.csv
[2025-04-05 21:22:45,862] {bash_operator.py:159} INFO - Command exited with return code 0
[2025-04-05 21:22:45,875] {taskinstance.py:1057} INFO - Marking task as SUCCESS.dag_id=Hello_ETL, task_id=load_transform_export, execution_date=20250405T155141, start_date=20250405T155245, end_date=20250405T155245
[2025-04-05 21:22:50,351] {local_task_job.py:102} INFO - Task exited with return code 0
