[2025-04-05 20:37:20,511] {taskinstance.py:670} INFO - Dependencies all met for <TaskInstance: Hello_ETL.load_transform_export 2025-04-05T15:06:18.505904+00:00 [queued]>
[2025-04-05 20:37:20,528] {taskinstance.py:670} INFO - Dependencies all met for <TaskInstance: Hello_ETL.load_transform_export 2025-04-05T15:06:18.505904+00:00 [queued]>
[2025-04-05 20:37:20,528] {taskinstance.py:880} INFO - 
--------------------------------------------------------------------------------
[2025-04-05 20:37:20,528] {taskinstance.py:881} INFO - Starting attempt 1 of 1
[2025-04-05 20:37:20,528] {taskinstance.py:882} INFO - 
--------------------------------------------------------------------------------
[2025-04-05 20:37:20,535] {taskinstance.py:901} INFO - Executing <Task(BashOperator): load_transform_export> on 2025-04-05T15:06:18.505904+00:00
[2025-04-05 20:37:20,538] {standard_task_runner.py:54} INFO - Started process 63433 to run task
[2025-04-05 20:37:20,564] {standard_task_runner.py:77} INFO - Running: ['airflow', 'run', 'Hello_ETL', 'load_transform_export', '2025-04-05T15:06:18.505904+00:00', '--job_id', '32', '--pool', 'default_pool', '--raw', '-sd', 'DAGS_FOLDER/simplest_dag.py', '--cfg_path', '/tmp/tmppse6cvde']
[2025-04-05 20:37:20,564] {standard_task_runner.py:78} INFO - Job 32: Subtask load_transform_export
[2025-04-05 20:37:20,622] {logging_mixin.py:120} INFO - Running <TaskInstance: Hello_ETL.load_transform_export 2025-04-05T15:06:18.505904+00:00 [running]> on host ROGZephyrusG14GA401QHGA401QH2abf6ae9
[2025-04-05 20:37:20,657] {bash_operator.py:113} INFO - Tmp dir root location: 
 /tmp
[2025-04-05 20:37:20,659] {bash_operator.py:134} INFO - Temporary script location: /tmp/airflowtmp1uv92ozw/load_transform_export4tuh6y8a
[2025-04-05 20:37:20,659] {bash_operator.py:146} INFO - Running command: bash /home/parveensharma/Documents/PythonPractice/Airflow_ETL/wrapper.sh 
[2025-04-05 20:37:20,671] {bash_operator.py:153} INFO - Output:
[2025-04-05 20:37:20,934] {bash_operator.py:157} INFO - Data written to /var/tmp/etl_output_20250405_20:37:20.csv
[2025-04-05 20:37:20,973] {bash_operator.py:159} INFO - Command exited with return code 0
[2025-04-05 20:37:20,988] {taskinstance.py:1057} INFO - Marking task as SUCCESS.dag_id=Hello_ETL, task_id=load_transform_export, execution_date=20250405T150618, start_date=20250405T150720, end_date=20250405T150720
[2025-04-05 20:37:25,496] {local_task_job.py:102} INFO - Task exited with return code 0
