[2025-04-05 23:16:19,094] {taskinstance.py:670} INFO - Dependencies all met for <TaskInstance: Hello_ETL.load_transform_export 2025-04-05T17:45:16.695904+00:00 [queued]>
[2025-04-05 23:16:19,106] {taskinstance.py:670} INFO - Dependencies all met for <TaskInstance: Hello_ETL.load_transform_export 2025-04-05T17:45:16.695904+00:00 [queued]>
[2025-04-05 23:16:19,106] {taskinstance.py:880} INFO - 
--------------------------------------------------------------------------------
[2025-04-05 23:16:19,106] {taskinstance.py:881} INFO - Starting attempt 1 of 1
[2025-04-05 23:16:19,106] {taskinstance.py:882} INFO - 
--------------------------------------------------------------------------------
[2025-04-05 23:16:19,111] {taskinstance.py:901} INFO - Executing <Task(BashOperator): load_transform_export> on 2025-04-05T17:45:16.695904+00:00
[2025-04-05 23:16:19,113] {standard_task_runner.py:54} INFO - Started process 110330 to run task
[2025-04-05 23:16:19,139] {standard_task_runner.py:77} INFO - Running: ['airflow', 'run', 'Hello_ETL', 'load_transform_export', '2025-04-05T17:45:16.695904+00:00', '--job_id', '55', '--pool', 'default_pool', '--raw', '-sd', 'DAGS_FOLDER/simplest_dag.py', '--cfg_path', '/tmp/tmpwlaxpaq8']
[2025-04-05 23:16:19,139] {standard_task_runner.py:78} INFO - Job 55: Subtask load_transform_export
[2025-04-05 23:16:19,173] {logging_mixin.py:120} INFO - Running <TaskInstance: Hello_ETL.load_transform_export 2025-04-05T17:45:16.695904+00:00 [running]> on host ROGZephyrusG14GA401QHGA401QH2abf6ae9
[2025-04-05 23:16:19,189] {bash_operator.py:113} INFO - Tmp dir root location: 
 /tmp
[2025-04-05 23:16:19,190] {bash_operator.py:134} INFO - Temporary script location: /tmp/airflowtmpfv18ytl8/load_transform_export8mgab9qj
[2025-04-05 23:16:19,190] {bash_operator.py:146} INFO - Running command: bash /home/parveensharma/Documents/PythonPractice/Airflow_ETL/wrapper.sh 
[2025-04-05 23:16:19,197] {bash_operator.py:153} INFO - Output:
[2025-04-05 23:16:19,459] {bash_operator.py:157} INFO - Data written to /var/tmp/etl_output_20250405_23:16:19.csv
[2025-04-05 23:16:19,501] {bash_operator.py:159} INFO - Command exited with return code 0
[2025-04-05 23:16:19,515] {taskinstance.py:1057} INFO - Marking task as SUCCESS.dag_id=Hello_ETL, task_id=load_transform_export, execution_date=20250405T174516, start_date=20250405T174619, end_date=20250405T174619
[2025-04-05 23:16:24,094] {local_task_job.py:102} INFO - Task exited with return code 0
