[2025-04-05 20:43:23,327] {taskinstance.py:670} INFO - Dependencies all met for <TaskInstance: Hello_ETL.load_transform_export 2025-04-05T15:12:22.188363+00:00 [queued]>
[2025-04-05 20:43:23,343] {taskinstance.py:670} INFO - Dependencies all met for <TaskInstance: Hello_ETL.load_transform_export 2025-04-05T15:12:22.188363+00:00 [queued]>
[2025-04-05 20:43:23,343] {taskinstance.py:880} INFO - 
--------------------------------------------------------------------------------
[2025-04-05 20:43:23,343] {taskinstance.py:881} INFO - Starting attempt 1 of 1
[2025-04-05 20:43:23,343] {taskinstance.py:882} INFO - 
--------------------------------------------------------------------------------
[2025-04-05 20:43:23,353] {taskinstance.py:901} INFO - Executing <Task(BashOperator): load_transform_export> on 2025-04-05T15:12:22.188363+00:00
[2025-04-05 20:43:23,357] {standard_task_runner.py:54} INFO - Started process 65607 to run task
[2025-04-05 20:43:23,385] {standard_task_runner.py:77} INFO - Running: ['airflow', 'run', 'Hello_ETL', 'load_transform_export', '2025-04-05T15:12:22.188363+00:00', '--job_id', '38', '--pool', 'default_pool', '--raw', '-sd', 'DAGS_FOLDER/simplest_dag.py', '--cfg_path', '/tmp/tmpmhyw8c2r']
[2025-04-05 20:43:23,386] {standard_task_runner.py:78} INFO - Job 38: Subtask load_transform_export
[2025-04-05 20:43:23,455] {logging_mixin.py:120} INFO - Running <TaskInstance: Hello_ETL.load_transform_export 2025-04-05T15:12:22.188363+00:00 [running]> on host ROGZephyrusG14GA401QHGA401QH2abf6ae9
[2025-04-05 20:43:23,496] {bash_operator.py:113} INFO - Tmp dir root location: 
 /tmp
[2025-04-05 20:43:23,497] {bash_operator.py:134} INFO - Temporary script location: /tmp/airflowtmpo53myl1b/load_transform_exporth6vmtzqp
[2025-04-05 20:43:23,497] {bash_operator.py:146} INFO - Running command: bash /home/parveensharma/Documents/PythonPractice/Airflow_ETL/wrapper.sh 
[2025-04-05 20:43:23,504] {bash_operator.py:153} INFO - Output:
[2025-04-05 20:43:23,770] {bash_operator.py:157} INFO - Data written to /var/tmp/etl_output_20250405_20:43:23.csv
[2025-04-05 20:43:23,820] {bash_operator.py:159} INFO - Command exited with return code 0
[2025-04-05 20:43:23,832] {taskinstance.py:1057} INFO - Marking task as SUCCESS.dag_id=Hello_ETL, task_id=load_transform_export, execution_date=20250405T151222, start_date=20250405T151323, end_date=20250405T151323
[2025-04-05 20:43:28,321] {local_task_job.py:102} INFO - Task exited with return code 0
