[2025-04-05 20:47:26,924] {taskinstance.py:670} INFO - Dependencies all met for <TaskInstance: Hello_ETL.load_transform_export 2025-04-05T15:16:24.371968+00:00 [queued]>
[2025-04-05 20:47:26,946] {taskinstance.py:670} INFO - Dependencies all met for <TaskInstance: Hello_ETL.load_transform_export 2025-04-05T15:16:24.371968+00:00 [queued]>
[2025-04-05 20:47:26,947] {taskinstance.py:880} INFO - 
--------------------------------------------------------------------------------
[2025-04-05 20:47:26,947] {taskinstance.py:881} INFO - Starting attempt 1 of 1
[2025-04-05 20:47:26,947] {taskinstance.py:882} INFO - 
--------------------------------------------------------------------------------
[2025-04-05 20:47:26,953] {taskinstance.py:901} INFO - Executing <Task(BashOperator): load_transform_export> on 2025-04-05T15:16:24.371968+00:00
[2025-04-05 20:47:26,956] {standard_task_runner.py:54} INFO - Started process 67316 to run task
[2025-04-05 20:47:26,987] {standard_task_runner.py:77} INFO - Running: ['airflow', 'run', 'Hello_ETL', 'load_transform_export', '2025-04-05T15:16:24.371968+00:00', '--job_id', '42', '--pool', 'default_pool', '--raw', '-sd', 'DAGS_FOLDER/simplest_dag.py', '--cfg_path', '/tmp/tmppbyojdkt']
[2025-04-05 20:47:26,988] {standard_task_runner.py:78} INFO - Job 42: Subtask load_transform_export
[2025-04-05 20:47:27,058] {logging_mixin.py:120} INFO - Running <TaskInstance: Hello_ETL.load_transform_export 2025-04-05T15:16:24.371968+00:00 [running]> on host ROGZephyrusG14GA401QHGA401QH2abf6ae9
[2025-04-05 20:47:27,089] {bash_operator.py:113} INFO - Tmp dir root location: 
 /tmp
[2025-04-05 20:47:27,090] {bash_operator.py:134} INFO - Temporary script location: /tmp/airflowtmpwajox53w/load_transform_exportanr_1xa4
[2025-04-05 20:47:27,090] {bash_operator.py:146} INFO - Running command: bash /home/parveensharma/Documents/PythonPractice/Airflow_ETL/wrapper.sh 
[2025-04-05 20:47:27,100] {bash_operator.py:153} INFO - Output:
[2025-04-05 20:47:27,382] {bash_operator.py:157} INFO - Data written to /var/tmp/etl_output_20250405_20:47:27.csv
[2025-04-05 20:47:27,426] {bash_operator.py:159} INFO - Command exited with return code 0
[2025-04-05 20:47:27,440] {taskinstance.py:1057} INFO - Marking task as SUCCESS.dag_id=Hello_ETL, task_id=load_transform_export, execution_date=20250405T151624, start_date=20250405T151726, end_date=20250405T151727
[2025-04-05 20:47:31,933] {local_task_job.py:102} INFO - Task exited with return code 0
