[2025-04-05 20:46:25,516] {taskinstance.py:670} INFO - Dependencies all met for <TaskInstance: Hello_ETL.load_transform_export 2025-04-05T15:15:23.855375+00:00 [queued]>
[2025-04-05 20:46:25,541] {taskinstance.py:670} INFO - Dependencies all met for <TaskInstance: Hello_ETL.load_transform_export 2025-04-05T15:15:23.855375+00:00 [queued]>
[2025-04-05 20:46:25,541] {taskinstance.py:880} INFO - 
--------------------------------------------------------------------------------
[2025-04-05 20:46:25,541] {taskinstance.py:881} INFO - Starting attempt 1 of 1
[2025-04-05 20:46:25,541] {taskinstance.py:882} INFO - 
--------------------------------------------------------------------------------
[2025-04-05 20:46:25,553] {taskinstance.py:901} INFO - Executing <Task(BashOperator): load_transform_export> on 2025-04-05T15:15:23.855375+00:00
[2025-04-05 20:46:25,555] {standard_task_runner.py:54} INFO - Started process 66884 to run task
[2025-04-05 20:46:25,583] {standard_task_runner.py:77} INFO - Running: ['airflow', 'run', 'Hello_ETL', 'load_transform_export', '2025-04-05T15:15:23.855375+00:00', '--job_id', '41', '--pool', 'default_pool', '--raw', '-sd', 'DAGS_FOLDER/simplest_dag.py', '--cfg_path', '/tmp/tmpny_zdxh8']
[2025-04-05 20:46:25,583] {standard_task_runner.py:78} INFO - Job 41: Subtask load_transform_export
[2025-04-05 20:46:25,634] {logging_mixin.py:120} INFO - Running <TaskInstance: Hello_ETL.load_transform_export 2025-04-05T15:15:23.855375+00:00 [running]> on host ROGZephyrusG14GA401QHGA401QH2abf6ae9
[2025-04-05 20:46:25,655] {bash_operator.py:113} INFO - Tmp dir root location: 
 /tmp
[2025-04-05 20:46:25,656] {bash_operator.py:134} INFO - Temporary script location: /tmp/airflowtmpeq52_6sx/load_transform_export889m1ll8
[2025-04-05 20:46:25,656] {bash_operator.py:146} INFO - Running command: bash /home/parveensharma/Documents/PythonPractice/Airflow_ETL/wrapper.sh 
[2025-04-05 20:46:25,662] {bash_operator.py:153} INFO - Output:
[2025-04-05 20:46:25,969] {bash_operator.py:157} INFO - Data written to /var/tmp/etl_output_20250405_20:46:25.csv
[2025-04-05 20:46:26,026] {bash_operator.py:159} INFO - Command exited with return code 0
[2025-04-05 20:46:26,042] {taskinstance.py:1057} INFO - Marking task as SUCCESS.dag_id=Hello_ETL, task_id=load_transform_export, execution_date=20250405T151523, start_date=20250405T151625, end_date=20250405T151626
[2025-04-05 20:46:30,532] {local_task_job.py:102} INFO - Task exited with return code 0
