[2025-04-05 20:44:24,726] {taskinstance.py:670} INFO - Dependencies all met for <TaskInstance: Hello_ETL.load_transform_export 2025-04-05T15:13:22.729660+00:00 [queued]>
[2025-04-05 20:44:24,741] {taskinstance.py:670} INFO - Dependencies all met for <TaskInstance: Hello_ETL.load_transform_export 2025-04-05T15:13:22.729660+00:00 [queued]>
[2025-04-05 20:44:24,741] {taskinstance.py:880} INFO - 
--------------------------------------------------------------------------------
[2025-04-05 20:44:24,741] {taskinstance.py:881} INFO - Starting attempt 1 of 1
[2025-04-05 20:44:24,741] {taskinstance.py:882} INFO - 
--------------------------------------------------------------------------------
[2025-04-05 20:44:24,747] {taskinstance.py:901} INFO - Executing <Task(BashOperator): load_transform_export> on 2025-04-05T15:13:22.729660+00:00
[2025-04-05 20:44:24,750] {standard_task_runner.py:54} INFO - Started process 65981 to run task
[2025-04-05 20:44:24,776] {standard_task_runner.py:77} INFO - Running: ['airflow', 'run', 'Hello_ETL', 'load_transform_export', '2025-04-05T15:13:22.729660+00:00', '--job_id', '39', '--pool', 'default_pool', '--raw', '-sd', 'DAGS_FOLDER/simplest_dag.py', '--cfg_path', '/tmp/tmp6urr86so']
[2025-04-05 20:44:24,777] {standard_task_runner.py:78} INFO - Job 39: Subtask load_transform_export
[2025-04-05 20:44:24,834] {logging_mixin.py:120} INFO - Running <TaskInstance: Hello_ETL.load_transform_export 2025-04-05T15:13:22.729660+00:00 [running]> on host ROGZephyrusG14GA401QHGA401QH2abf6ae9
[2025-04-05 20:44:24,859] {bash_operator.py:113} INFO - Tmp dir root location: 
 /tmp
[2025-04-05 20:44:24,860] {bash_operator.py:134} INFO - Temporary script location: /tmp/airflowtmp_nbltfcu/load_transform_export0kja4c1r
[2025-04-05 20:44:24,860] {bash_operator.py:146} INFO - Running command: bash /home/parveensharma/Documents/PythonPractice/Airflow_ETL/wrapper.sh 
[2025-04-05 20:44:24,868] {bash_operator.py:153} INFO - Output:
[2025-04-05 20:44:25,138] {bash_operator.py:157} INFO - Data written to /var/tmp/etl_output_20250405_20:44:25.csv
[2025-04-05 20:44:25,180] {bash_operator.py:159} INFO - Command exited with return code 0
[2025-04-05 20:44:25,193] {taskinstance.py:1057} INFO - Marking task as SUCCESS.dag_id=Hello_ETL, task_id=load_transform_export, execution_date=20250405T151322, start_date=20250405T151424, end_date=20250405T151425
[2025-04-05 20:44:29,740] {local_task_job.py:102} INFO - Task exited with return code 0
