[2025-04-05 23:14:18,802] {taskinstance.py:670} INFO - Dependencies all met for <TaskInstance: Hello_ETL.load_transform_export 2025-04-05T17:43:15.678659+00:00 [queued]>
[2025-04-05 23:14:18,814] {taskinstance.py:670} INFO - Dependencies all met for <TaskInstance: Hello_ETL.load_transform_export 2025-04-05T17:43:15.678659+00:00 [queued]>
[2025-04-05 23:14:18,814] {taskinstance.py:880} INFO - 
--------------------------------------------------------------------------------
[2025-04-05 23:14:18,814] {taskinstance.py:881} INFO - Starting attempt 1 of 1
[2025-04-05 23:14:18,814] {taskinstance.py:882} INFO - 
--------------------------------------------------------------------------------
[2025-04-05 23:14:18,819] {taskinstance.py:901} INFO - Executing <Task(BashOperator): load_transform_export> on 2025-04-05T17:43:15.678659+00:00
[2025-04-05 23:14:18,821] {standard_task_runner.py:54} INFO - Started process 109442 to run task
[2025-04-05 23:14:18,846] {standard_task_runner.py:77} INFO - Running: ['airflow', 'run', 'Hello_ETL', 'load_transform_export', '2025-04-05T17:43:15.678659+00:00', '--job_id', '51', '--pool', 'default_pool', '--raw', '-sd', 'DAGS_FOLDER/simplest_dag.py', '--cfg_path', '/tmp/tmpc2tkqe8y']
[2025-04-05 23:14:18,847] {standard_task_runner.py:78} INFO - Job 51: Subtask load_transform_export
[2025-04-05 23:14:18,875] {logging_mixin.py:120} INFO - Running <TaskInstance: Hello_ETL.load_transform_export 2025-04-05T17:43:15.678659+00:00 [running]> on host ROGZephyrusG14GA401QHGA401QH2abf6ae9
[2025-04-05 23:14:18,891] {bash_operator.py:113} INFO - Tmp dir root location: 
 /tmp
[2025-04-05 23:14:18,892] {bash_operator.py:134} INFO - Temporary script location: /tmp/airflowtmpf_muoa1c/load_transform_export32wizy74
[2025-04-05 23:14:18,892] {bash_operator.py:146} INFO - Running command: bash /home/parveensharma/Documents/PythonPractice/Airflow_ETL/wrapper.sh 
[2025-04-05 23:14:18,900] {bash_operator.py:153} INFO - Output:
[2025-04-05 23:14:19,176] {bash_operator.py:157} INFO - Data written to /var/tmp/etl_output_20250405_23:14:19.csv
[2025-04-05 23:14:19,219] {bash_operator.py:159} INFO - Command exited with return code 0
[2025-04-05 23:14:19,237] {taskinstance.py:1057} INFO - Marking task as SUCCESS.dag_id=Hello_ETL, task_id=load_transform_export, execution_date=20250405T174315, start_date=20250405T174418, end_date=20250405T174419
[2025-04-05 23:14:23,792] {local_task_job.py:102} INFO - Task exited with return code 0
