[2025-04-05 20:34:18,196] {taskinstance.py:670} INFO - Dependencies all met for <TaskInstance: Hello_ETL.load_transform_export 2025-04-05T15:03:16.624386+00:00 [queued]>
[2025-04-05 20:34:18,211] {taskinstance.py:670} INFO - Dependencies all met for <TaskInstance: Hello_ETL.load_transform_export 2025-04-05T15:03:16.624386+00:00 [queued]>
[2025-04-05 20:34:18,211] {taskinstance.py:880} INFO - 
--------------------------------------------------------------------------------
[2025-04-05 20:34:18,211] {taskinstance.py:881} INFO - Starting attempt 1 of 1
[2025-04-05 20:34:18,211] {taskinstance.py:882} INFO - 
--------------------------------------------------------------------------------
[2025-04-05 20:34:18,247] {taskinstance.py:901} INFO - Executing <Task(BashOperator): load_transform_export> on 2025-04-05T15:03:16.624386+00:00
[2025-04-05 20:34:18,249] {standard_task_runner.py:54} INFO - Started process 62438 to run task
[2025-04-05 20:34:18,275] {standard_task_runner.py:77} INFO - Running: ['airflow', 'run', 'Hello_ETL', 'load_transform_export', '2025-04-05T15:03:16.624386+00:00', '--job_id', '29', '--pool', 'default_pool', '--raw', '-sd', 'DAGS_FOLDER/simplest_dag.py', '--cfg_path', '/tmp/tmp9_a11w0m']
[2025-04-05 20:34:18,276] {standard_task_runner.py:78} INFO - Job 29: Subtask load_transform_export
[2025-04-05 20:34:18,361] {logging_mixin.py:120} INFO - Running <TaskInstance: Hello_ETL.load_transform_export 2025-04-05T15:03:16.624386+00:00 [running]> on host ROGZephyrusG14GA401QHGA401QH2abf6ae9
[2025-04-05 20:34:18,381] {bash_operator.py:113} INFO - Tmp dir root location: 
 /tmp
[2025-04-05 20:34:18,382] {bash_operator.py:134} INFO - Temporary script location: /tmp/airflowtmpfbg4z_uj/load_transform_exportg7na6uhl
[2025-04-05 20:34:18,382] {bash_operator.py:146} INFO - Running command: bash /home/parveensharma/Documents/PythonPractice/Airflow_ETL/wrapper.sh 
[2025-04-05 20:34:18,397] {bash_operator.py:153} INFO - Output:
[2025-04-05 20:34:18,737] {bash_operator.py:157} INFO - Data written to /var/tmp/etl_output_20250405_20:34:18.csv
[2025-04-05 20:34:18,801] {bash_operator.py:159} INFO - Command exited with return code 0
[2025-04-05 20:34:18,811] {taskinstance.py:1057} INFO - Marking task as SUCCESS.dag_id=Hello_ETL, task_id=load_transform_export, execution_date=20250405T150316, start_date=20250405T150418, end_date=20250405T150418
[2025-04-05 20:34:23,172] {local_task_job.py:102} INFO - Task exited with return code 0
