[2025-04-06 00:45:16,500] {taskinstance.py:670} INFO - Dependencies all met for <TaskInstance: Hello_ETL.ABC 2025-04-05T17:45:16.695904+00:00 [queued]>
[2025-04-06 00:45:16,517] {taskinstance.py:670} INFO - Dependencies all met for <TaskInstance: Hello_ETL.ABC 2025-04-05T17:45:16.695904+00:00 [queued]>
[2025-04-06 00:45:16,517] {taskinstance.py:880} INFO - 
--------------------------------------------------------------------------------
[2025-04-06 00:45:16,517] {taskinstance.py:881} INFO - Starting attempt 1 of 1
[2025-04-06 00:45:16,517] {taskinstance.py:882} INFO - 
--------------------------------------------------------------------------------
[2025-04-06 00:45:16,526] {taskinstance.py:901} INFO - Executing <Task(BashOperator): ABC> on 2025-04-05T17:45:16.695904+00:00
[2025-04-06 00:45:16,528] {standard_task_runner.py:54} INFO - Started process 139767 to run task
[2025-04-06 00:45:16,554] {standard_task_runner.py:77} INFO - Running: ['airflow', 'run', 'Hello_ETL', 'ABC', '2025-04-05T17:45:16.695904+00:00', '--job_id', '75', '--pool', 'default_pool', '--raw', '-sd', 'DAGS_FOLDER/simplest_dag.py', '--cfg_path', '/tmp/tmp2zao8lzj']
[2025-04-06 00:45:16,554] {standard_task_runner.py:78} INFO - Job 75: Subtask ABC
[2025-04-06 00:45:16,581] {logging_mixin.py:120} INFO - Running <TaskInstance: Hello_ETL.ABC 2025-04-05T17:45:16.695904+00:00 [running]> on host ROGZephyrusG14GA401QHGA401QH2abf6ae9
[2025-04-06 00:45:16,596] {bash_operator.py:113} INFO - Tmp dir root location: 
 /tmp
[2025-04-06 00:45:16,597] {bash_operator.py:134} INFO - Temporary script location: /tmp/airflowtmpu_s299ru/ABC7x0k7d94
[2025-04-06 00:45:16,597] {bash_operator.py:146} INFO - Running command: bash /home/parveensharma/Documents/PythonPractice/Airflow_ETL/wrapper.sh 
[2025-04-06 00:45:16,606] {bash_operator.py:153} INFO - Output:
[2025-04-06 00:45:16,885] {bash_operator.py:157} INFO - Data written to /var/tmp/etl_output_20250406_00:45:16.csv
[2025-04-06 00:45:16,927] {bash_operator.py:159} INFO - Command exited with return code 0
[2025-04-06 00:45:16,941] {taskinstance.py:1057} INFO - Marking task as SUCCESS.dag_id=Hello_ETL, task_id=ABC, execution_date=20250405T174516, start_date=20250405T191516, end_date=20250405T191516
[2025-04-06 00:45:21,520] {local_task_job.py:102} INFO - Task exited with return code 0
