[2025-04-05 20:41:22,402] {taskinstance.py:670} INFO - Dependencies all met for <TaskInstance: Hello_ETL.load_transform_export 2025-04-05T15:10:21.034529+00:00 [queued]>
[2025-04-05 20:41:22,419] {taskinstance.py:670} INFO - Dependencies all met for <TaskInstance: Hello_ETL.load_transform_export 2025-04-05T15:10:21.034529+00:00 [queued]>
[2025-04-05 20:41:22,419] {taskinstance.py:880} INFO - 
--------------------------------------------------------------------------------
[2025-04-05 20:41:22,419] {taskinstance.py:881} INFO - Starting attempt 1 of 1
[2025-04-05 20:41:22,419] {taskinstance.py:882} INFO - 
--------------------------------------------------------------------------------
[2025-04-05 20:41:22,428] {taskinstance.py:901} INFO - Executing <Task(BashOperator): load_transform_export> on 2025-04-05T15:10:21.034529+00:00
[2025-04-05 20:41:22,432] {standard_task_runner.py:54} INFO - Started process 64881 to run task
[2025-04-05 20:41:22,462] {standard_task_runner.py:77} INFO - Running: ['airflow', 'run', 'Hello_ETL', 'load_transform_export', '2025-04-05T15:10:21.034529+00:00', '--job_id', '36', '--pool', 'default_pool', '--raw', '-sd', 'DAGS_FOLDER/simplest_dag.py', '--cfg_path', '/tmp/tmpqz8kp8ex']
[2025-04-05 20:41:22,463] {standard_task_runner.py:78} INFO - Job 36: Subtask load_transform_export
[2025-04-05 20:41:22,511] {logging_mixin.py:120} INFO - Running <TaskInstance: Hello_ETL.load_transform_export 2025-04-05T15:10:21.034529+00:00 [running]> on host ROGZephyrusG14GA401QHGA401QH2abf6ae9
[2025-04-05 20:41:22,553] {bash_operator.py:113} INFO - Tmp dir root location: 
 /tmp
[2025-04-05 20:41:22,553] {bash_operator.py:134} INFO - Temporary script location: /tmp/airflowtmpi_tdk04g/load_transform_exporttip8ykh5
[2025-04-05 20:41:22,553] {bash_operator.py:146} INFO - Running command: bash /home/parveensharma/Documents/PythonPractice/Airflow_ETL/wrapper.sh 
[2025-04-05 20:41:22,559] {bash_operator.py:153} INFO - Output:
[2025-04-05 20:41:22,818] {bash_operator.py:157} INFO - Data written to /var/tmp/etl_output_20250405_20:41:22.csv
[2025-04-05 20:41:22,856] {bash_operator.py:159} INFO - Command exited with return code 0
[2025-04-05 20:41:22,871] {taskinstance.py:1057} INFO - Marking task as SUCCESS.dag_id=Hello_ETL, task_id=load_transform_export, execution_date=20250405T151021, start_date=20250405T151122, end_date=20250405T151122
[2025-04-05 20:41:27,420] {local_task_job.py:102} INFO - Task exited with return code 0
