[2025-04-05 21:20:55,932] {taskinstance.py:670} INFO - Dependencies all met for <TaskInstance: Hello_ETL.load_transform_export 2025-04-05T15:19:26.000205+00:00 [queued]>
[2025-04-05 21:20:55,950] {taskinstance.py:670} INFO - Dependencies all met for <TaskInstance: Hello_ETL.load_transform_export 2025-04-05T15:19:26.000205+00:00 [queued]>
[2025-04-05 21:20:55,950] {taskinstance.py:880} INFO - 
--------------------------------------------------------------------------------
[2025-04-05 21:20:55,950] {taskinstance.py:881} INFO - Starting attempt 2 of 2
[2025-04-05 21:20:55,950] {taskinstance.py:882} INFO - 
--------------------------------------------------------------------------------
[2025-04-05 21:20:55,957] {taskinstance.py:901} INFO - Executing <Task(BashOperator): load_transform_export> on 2025-04-05T15:19:26.000205+00:00
[2025-04-05 21:20:55,961] {standard_task_runner.py:54} INFO - Started process 77213 to run task
[2025-04-05 21:20:55,991] {standard_task_runner.py:77} INFO - Running: ['airflow', 'run', 'Hello_ETL', 'load_transform_export', '2025-04-05T15:19:26.000205+00:00', '--job_id', '46', '--pool', 'default_pool', '--raw', '-sd', 'DAGS_FOLDER/simplest_dag.py', '--cfg_path', '/tmp/tmpjl2yu4al']
[2025-04-05 21:20:55,992] {standard_task_runner.py:78} INFO - Job 46: Subtask load_transform_export
[2025-04-05 21:20:56,042] {logging_mixin.py:120} INFO - Running <TaskInstance: Hello_ETL.load_transform_export 2025-04-05T15:19:26.000205+00:00 [running]> on host ROGZephyrusG14GA401QHGA401QH2abf6ae9
[2025-04-05 21:20:56,074] {bash_operator.py:113} INFO - Tmp dir root location: 
 /tmp
[2025-04-05 21:20:56,074] {bash_operator.py:134} INFO - Temporary script location: /tmp/airflowtmpzab_4iv9/load_transform_exportp72ufph2
[2025-04-05 21:20:56,074] {bash_operator.py:146} INFO - Running command: bash /home/parveensharma/Documents/PythonPractice/Airflow_ETL/wrapper.sh 
[2025-04-05 21:20:56,082] {bash_operator.py:153} INFO - Output:
[2025-04-05 21:20:56,379] {bash_operator.py:157} INFO - Data written to /var/tmp/etl_output_20250405_21:20:56.csv
[2025-04-05 21:20:56,424] {bash_operator.py:159} INFO - Command exited with return code 0
[2025-04-05 21:20:56,440] {taskinstance.py:1057} INFO - Marking task as SUCCESS.dag_id=Hello_ETL, task_id=load_transform_export, execution_date=20250405T151926, start_date=20250405T155055, end_date=20250405T155056
[2025-04-05 21:21:00,923] {local_task_job.py:102} INFO - Task exited with return code 0
