[2025-04-05 23:15:19,005] {taskinstance.py:670} INFO - Dependencies all met for <TaskInstance: Hello_ETL.load_transform_export 2025-04-05T17:44:16.171816+00:00 [queued]>
[2025-04-05 23:15:19,017] {taskinstance.py:670} INFO - Dependencies all met for <TaskInstance: Hello_ETL.load_transform_export 2025-04-05T17:44:16.171816+00:00 [queued]>
[2025-04-05 23:15:19,017] {taskinstance.py:880} INFO - 
--------------------------------------------------------------------------------
[2025-04-05 23:15:19,017] {taskinstance.py:881} INFO - Starting attempt 1 of 1
[2025-04-05 23:15:19,017] {taskinstance.py:882} INFO - 
--------------------------------------------------------------------------------
[2025-04-05 23:15:19,022] {taskinstance.py:901} INFO - Executing <Task(BashOperator): load_transform_export> on 2025-04-05T17:44:16.171816+00:00
[2025-04-05 23:15:19,024] {standard_task_runner.py:54} INFO - Started process 109937 to run task
[2025-04-05 23:15:19,051] {standard_task_runner.py:77} INFO - Running: ['airflow', 'run', 'Hello_ETL', 'load_transform_export', '2025-04-05T17:44:16.171816+00:00', '--job_id', '53', '--pool', 'default_pool', '--raw', '-sd', 'DAGS_FOLDER/simplest_dag.py', '--cfg_path', '/tmp/tmpu5d1xlx7']
[2025-04-05 23:15:19,051] {standard_task_runner.py:78} INFO - Job 53: Subtask load_transform_export
[2025-04-05 23:15:19,081] {logging_mixin.py:120} INFO - Running <TaskInstance: Hello_ETL.load_transform_export 2025-04-05T17:44:16.171816+00:00 [running]> on host ROGZephyrusG14GA401QHGA401QH2abf6ae9
[2025-04-05 23:15:19,098] {bash_operator.py:113} INFO - Tmp dir root location: 
 /tmp
[2025-04-05 23:15:19,099] {bash_operator.py:134} INFO - Temporary script location: /tmp/airflowtmp0_jn3y33/load_transform_export_6now6dp
[2025-04-05 23:15:19,099] {bash_operator.py:146} INFO - Running command: bash /home/parveensharma/Documents/PythonPractice/Airflow_ETL/wrapper.sh 
[2025-04-05 23:15:19,105] {bash_operator.py:153} INFO - Output:
[2025-04-05 23:15:19,382] {bash_operator.py:157} INFO - Data written to /var/tmp/etl_output_20250405_23:15:19.csv
[2025-04-05 23:15:19,422] {bash_operator.py:159} INFO - Command exited with return code 0
[2025-04-05 23:15:19,435] {taskinstance.py:1057} INFO - Marking task as SUCCESS.dag_id=Hello_ETL, task_id=load_transform_export, execution_date=20250405T174416, start_date=20250405T174519, end_date=20250405T174519
[2025-04-05 23:15:23,998] {local_task_job.py:102} INFO - Task exited with return code 0
