[2025-04-06 00:45:23,565] {taskinstance.py:670} INFO - Dependencies all met for <TaskInstance: Hello_ETL.ABC 2025-04-05T19:14:08.281805+00:00 [queued]>
[2025-04-06 00:45:23,581] {taskinstance.py:670} INFO - Dependencies all met for <TaskInstance: Hello_ETL.ABC 2025-04-05T19:14:08.281805+00:00 [queued]>
[2025-04-06 00:45:23,582] {taskinstance.py:880} INFO - 
--------------------------------------------------------------------------------
[2025-04-06 00:45:23,582] {taskinstance.py:881} INFO - Starting attempt 1 of 1
[2025-04-06 00:45:23,582] {taskinstance.py:882} INFO - 
--------------------------------------------------------------------------------
[2025-04-06 00:45:23,590] {taskinstance.py:901} INFO - Executing <Task(BashOperator): ABC> on 2025-04-05T19:14:08.281805+00:00
[2025-04-06 00:45:23,593] {standard_task_runner.py:54} INFO - Started process 139884 to run task
[2025-04-06 00:45:23,622] {standard_task_runner.py:77} INFO - Running: ['airflow', 'run', 'Hello_ETL', 'ABC', '2025-04-05T19:14:08.281805+00:00', '--job_id', '76', '--pool', 'default_pool', '--raw', '-sd', 'DAGS_FOLDER/simplest_dag.py', '--cfg_path', '/tmp/tmp883fkjpt']
[2025-04-06 00:45:23,622] {standard_task_runner.py:78} INFO - Job 76: Subtask ABC
[2025-04-06 00:45:23,671] {logging_mixin.py:120} INFO - Running <TaskInstance: Hello_ETL.ABC 2025-04-05T19:14:08.281805+00:00 [running]> on host ROGZephyrusG14GA401QHGA401QH2abf6ae9
[2025-04-06 00:45:23,693] {bash_operator.py:113} INFO - Tmp dir root location: 
 /tmp
[2025-04-06 00:45:23,694] {bash_operator.py:134} INFO - Temporary script location: /tmp/airflowtmptzjut5f5/ABCh8d52gyi
[2025-04-06 00:45:23,694] {bash_operator.py:146} INFO - Running command: bash /home/parveensharma/Documents/PythonPractice/Airflow_ETL/wrapper.sh 
[2025-04-06 00:45:23,701] {bash_operator.py:153} INFO - Output:
[2025-04-06 00:45:23,962] {bash_operator.py:157} INFO - Data written to /var/tmp/etl_output_20250406_00:45:23.csv
[2025-04-06 00:45:24,001] {bash_operator.py:159} INFO - Command exited with return code 0
[2025-04-06 00:45:24,011] {taskinstance.py:1057} INFO - Marking task as SUCCESS.dag_id=Hello_ETL, task_id=ABC, execution_date=20250405T191408, start_date=20250405T191523, end_date=20250405T191524
[2025-04-06 00:45:28,545] {local_task_job.py:102} INFO - Task exited with return code 0
