[2025-04-05 23:15:26,026] {taskinstance.py:670} INFO - Dependencies all met for <TaskInstance: Hello_ETL.ABC 2025-04-05T17:44:16.171816+00:00 [queued]>
[2025-04-05 23:15:26,044] {taskinstance.py:670} INFO - Dependencies all met for <TaskInstance: Hello_ETL.ABC 2025-04-05T17:44:16.171816+00:00 [queued]>
[2025-04-05 23:15:26,044] {taskinstance.py:880} INFO - 
--------------------------------------------------------------------------------
[2025-04-05 23:15:26,044] {taskinstance.py:881} INFO - Starting attempt 1 of 1
[2025-04-05 23:15:26,044] {taskinstance.py:882} INFO - 
--------------------------------------------------------------------------------
[2025-04-05 23:15:26,052] {taskinstance.py:901} INFO - Executing <Task(BashOperator): ABC> on 2025-04-05T17:44:16.171816+00:00
[2025-04-05 23:15:26,054] {standard_task_runner.py:54} INFO - Started process 110025 to run task
[2025-04-05 23:15:26,080] {standard_task_runner.py:77} INFO - Running: ['airflow', 'run', 'Hello_ETL', 'ABC', '2025-04-05T17:44:16.171816+00:00', '--job_id', '54', '--pool', 'default_pool', '--raw', '-sd', 'DAGS_FOLDER/simplest_dag.py', '--cfg_path', '/tmp/tmpnkuchva8']
[2025-04-05 23:15:26,080] {standard_task_runner.py:78} INFO - Job 54: Subtask ABC
[2025-04-05 23:15:26,107] {logging_mixin.py:120} INFO - Running <TaskInstance: Hello_ETL.ABC 2025-04-05T17:44:16.171816+00:00 [running]> on host ROGZephyrusG14GA401QHGA401QH2abf6ae9
[2025-04-05 23:15:26,123] {bash_operator.py:113} INFO - Tmp dir root location: 
 /tmp
[2025-04-05 23:15:26,123] {bash_operator.py:134} INFO - Temporary script location: /tmp/airflowtmpeu5vam55/ABCsv3dwpgq
[2025-04-05 23:15:26,123] {bash_operator.py:146} INFO - Running command: bash /home/parveensharma/Documents/PythonPractice/Airflow_ETL/wrapper.sh 
[2025-04-05 23:15:26,130] {bash_operator.py:153} INFO - Output:
[2025-04-05 23:15:26,394] {bash_operator.py:157} INFO - Data written to /var/tmp/etl_output_20250405_23:15:26.csv
[2025-04-05 23:15:26,433] {bash_operator.py:159} INFO - Command exited with return code 0
[2025-04-05 23:15:26,446] {taskinstance.py:1057} INFO - Marking task as SUCCESS.dag_id=Hello_ETL, task_id=ABC, execution_date=20250405T174416, start_date=20250405T174526, end_date=20250405T174526
[2025-04-05 23:15:31,023] {local_task_job.py:102} INFO - Task exited with return code 0
