[2025-04-05 21:30:38,916] {taskinstance.py:670} INFO - Dependencies all met for <TaskInstance: Hello_ETL.load_transform_export 2025-04-05T15:59:36.881937+00:00 [queued]>
[2025-04-05 21:30:38,933] {taskinstance.py:670} INFO - Dependencies all met for <TaskInstance: Hello_ETL.load_transform_export 2025-04-05T15:59:36.881937+00:00 [queued]>
[2025-04-05 21:30:38,933] {taskinstance.py:880} INFO - 
--------------------------------------------------------------------------------
[2025-04-05 21:30:38,933] {taskinstance.py:881} INFO - Starting attempt 1 of 1
[2025-04-05 21:30:38,933] {taskinstance.py:882} INFO - 
--------------------------------------------------------------------------------
[2025-04-05 21:30:38,941] {taskinstance.py:901} INFO - Executing <Task(BashOperator): load_transform_export> on 2025-04-05T15:59:36.881937+00:00
[2025-04-05 21:30:38,943] {standard_task_runner.py:54} INFO - Started process 81255 to run task
[2025-04-05 21:30:38,971] {standard_task_runner.py:77} INFO - Running: ['airflow', 'run', 'Hello_ETL', 'load_transform_export', '2025-04-05T15:59:36.881937+00:00', '--job_id', '49', '--pool', 'default_pool', '--raw', '-sd', 'DAGS_FOLDER/simplest_dag.py', '--cfg_path', '/tmp/tmpk__29d8c']
[2025-04-05 21:30:38,971] {standard_task_runner.py:78} INFO - Job 49: Subtask load_transform_export
[2025-04-05 21:30:39,020] {logging_mixin.py:120} INFO - Running <TaskInstance: Hello_ETL.load_transform_export 2025-04-05T15:59:36.881937+00:00 [running]> on host ROGZephyrusG14GA401QHGA401QH2abf6ae9
[2025-04-05 21:30:39,048] {bash_operator.py:113} INFO - Tmp dir root location: 
 /tmp
[2025-04-05 21:30:39,049] {bash_operator.py:134} INFO - Temporary script location: /tmp/airflowtmp_74ee5iq/load_transform_export8xn641ky
[2025-04-05 21:30:39,049] {bash_operator.py:146} INFO - Running command: bash /home/parveensharma/Documents/PythonPractice/Airflow_ETL/wrapper.sh 
[2025-04-05 21:30:39,057] {bash_operator.py:153} INFO - Output:
[2025-04-05 21:30:39,399] {bash_operator.py:157} INFO - Data written to /var/tmp/etl_output_20250405_21:30:39.csv
[2025-04-05 21:30:39,468] {bash_operator.py:159} INFO - Command exited with return code 0
[2025-04-05 21:30:39,484] {taskinstance.py:1057} INFO - Marking task as SUCCESS.dag_id=Hello_ETL, task_id=load_transform_export, execution_date=20250405T155936, start_date=20250405T160038, end_date=20250405T160039
[2025-04-05 21:30:43,907] {local_task_job.py:102} INFO - Task exited with return code 0
