[2025-04-05 20:42:23,899] {taskinstance.py:670} INFO - Dependencies all met for <TaskInstance: Hello_ETL.load_transform_export 2025-04-05T15:11:21.604177+00:00 [queued]>
[2025-04-05 20:42:23,916] {taskinstance.py:670} INFO - Dependencies all met for <TaskInstance: Hello_ETL.load_transform_export 2025-04-05T15:11:21.604177+00:00 [queued]>
[2025-04-05 20:42:23,916] {taskinstance.py:880} INFO - 
--------------------------------------------------------------------------------
[2025-04-05 20:42:23,916] {taskinstance.py:881} INFO - Starting attempt 1 of 1
[2025-04-05 20:42:23,916] {taskinstance.py:882} INFO - 
--------------------------------------------------------------------------------
[2025-04-05 20:42:23,921] {taskinstance.py:901} INFO - Executing <Task(BashOperator): load_transform_export> on 2025-04-05T15:11:21.604177+00:00
[2025-04-05 20:42:23,924] {standard_task_runner.py:54} INFO - Started process 65212 to run task
[2025-04-05 20:42:23,953] {standard_task_runner.py:77} INFO - Running: ['airflow', 'run', 'Hello_ETL', 'load_transform_export', '2025-04-05T15:11:21.604177+00:00', '--job_id', '37', '--pool', 'default_pool', '--raw', '-sd', 'DAGS_FOLDER/simplest_dag.py', '--cfg_path', '/tmp/tmpvx5t6wlp']
[2025-04-05 20:42:23,954] {standard_task_runner.py:78} INFO - Job 37: Subtask load_transform_export
[2025-04-05 20:42:24,007] {logging_mixin.py:120} INFO - Running <TaskInstance: Hello_ETL.load_transform_export 2025-04-05T15:11:21.604177+00:00 [running]> on host ROGZephyrusG14GA401QHGA401QH2abf6ae9
[2025-04-05 20:42:24,038] {bash_operator.py:113} INFO - Tmp dir root location: 
 /tmp
[2025-04-05 20:42:24,038] {bash_operator.py:134} INFO - Temporary script location: /tmp/airflowtmp5_9fclcu/load_transform_exportqo4omsd5
[2025-04-05 20:42:24,038] {bash_operator.py:146} INFO - Running command: bash /home/parveensharma/Documents/PythonPractice/Airflow_ETL/wrapper.sh 
[2025-04-05 20:42:24,045] {bash_operator.py:153} INFO - Output:
[2025-04-05 20:42:24,309] {bash_operator.py:157} INFO - Data written to /var/tmp/etl_output_20250405_20:42:24.csv
[2025-04-05 20:42:24,348] {bash_operator.py:159} INFO - Command exited with return code 0
[2025-04-05 20:42:24,359] {taskinstance.py:1057} INFO - Marking task as SUCCESS.dag_id=Hello_ETL, task_id=load_transform_export, execution_date=20250405T151121, start_date=20250405T151223, end_date=20250405T151224
[2025-04-05 20:42:28,903] {local_task_job.py:102} INFO - Task exited with return code 0
