[2025-04-06 00:45:10,556] {taskinstance.py:670} INFO - Dependencies all met for <TaskInstance: Hello_ETL.load_transform_export 2025-04-05T19:14:08.281805+00:00 [queued]>
[2025-04-06 00:45:10,572] {taskinstance.py:670} INFO - Dependencies all met for <TaskInstance: Hello_ETL.load_transform_export 2025-04-05T19:14:08.281805+00:00 [queued]>
[2025-04-06 00:45:10,572] {taskinstance.py:880} INFO - 
--------------------------------------------------------------------------------
[2025-04-06 00:45:10,572] {taskinstance.py:881} INFO - Starting attempt 1 of 1
[2025-04-06 00:45:10,572] {taskinstance.py:882} INFO - 
--------------------------------------------------------------------------------
[2025-04-06 00:45:10,577] {taskinstance.py:901} INFO - Executing <Task(BashOperator): load_transform_export> on 2025-04-05T19:14:08.281805+00:00
[2025-04-06 00:45:10,579] {standard_task_runner.py:54} INFO - Started process 139636 to run task
[2025-04-06 00:45:10,619] {standard_task_runner.py:77} INFO - Running: ['airflow', 'run', 'Hello_ETL', 'load_transform_export', '2025-04-05T19:14:08.281805+00:00', '--job_id', '74', '--pool', 'default_pool', '--raw', '-sd', 'DAGS_FOLDER/simplest_dag.py', '--cfg_path', '/tmp/tmphm8ie9u5']
[2025-04-06 00:45:10,619] {standard_task_runner.py:78} INFO - Job 74: Subtask load_transform_export
[2025-04-06 00:45:10,670] {logging_mixin.py:120} INFO - Running <TaskInstance: Hello_ETL.load_transform_export 2025-04-05T19:14:08.281805+00:00 [running]> on host ROGZephyrusG14GA401QHGA401QH2abf6ae9
[2025-04-06 00:45:10,701] {bash_operator.py:113} INFO - Tmp dir root location: 
 /tmp
[2025-04-06 00:45:10,702] {bash_operator.py:134} INFO - Temporary script location: /tmp/airflowtmpj8dyg9rc/load_transform_exportvud6z_cz
[2025-04-06 00:45:10,702] {bash_operator.py:146} INFO - Running command: bash /home/parveensharma/Documents/PythonPractice/Airflow_ETL/wrapper.sh 
[2025-04-06 00:45:10,709] {bash_operator.py:153} INFO - Output:
[2025-04-06 00:45:10,966] {bash_operator.py:157} INFO - Data written to /var/tmp/etl_output_20250406_00:45:10.csv
[2025-04-06 00:45:11,005] {bash_operator.py:159} INFO - Command exited with return code 0
[2025-04-06 00:45:11,019] {taskinstance.py:1057} INFO - Marking task as SUCCESS.dag_id=Hello_ETL, task_id=load_transform_export, execution_date=20250405T191408, start_date=20250405T191510, end_date=20250405T191511
[2025-04-06 00:45:15,551] {local_task_job.py:102} INFO - Task exited with return code 0
