[2025-04-05 20:32:23,026] {taskinstance.py:670} INFO - Dependencies all met for <TaskInstance: Hello_ETL.load_transform_export 2025-04-05T15:01:15.403272+00:00 [queued]>
[2025-04-05 20:32:23,041] {taskinstance.py:670} INFO - Dependencies all met for <TaskInstance: Hello_ETL.load_transform_export 2025-04-05T15:01:15.403272+00:00 [queued]>
[2025-04-05 20:32:23,041] {taskinstance.py:880} INFO - 
--------------------------------------------------------------------------------
[2025-04-05 20:32:23,041] {taskinstance.py:881} INFO - Starting attempt 1 of 1
[2025-04-05 20:32:23,042] {taskinstance.py:882} INFO - 
--------------------------------------------------------------------------------
[2025-04-05 20:32:23,049] {taskinstance.py:901} INFO - Executing <Task(BashOperator): load_transform_export> on 2025-04-05T15:01:15.403272+00:00
[2025-04-05 20:32:23,052] {standard_task_runner.py:54} INFO - Started process 61857 to run task
[2025-04-05 20:32:23,082] {standard_task_runner.py:77} INFO - Running: ['airflow', 'run', 'Hello_ETL', 'load_transform_export', '2025-04-05T15:01:15.403272+00:00', '--job_id', '27', '--pool', 'default_pool', '--raw', '-sd', 'DAGS_FOLDER/simplest_dag.py', '--cfg_path', '/tmp/tmpqd0kw1g2']
[2025-04-05 20:32:23,082] {standard_task_runner.py:78} INFO - Job 27: Subtask load_transform_export
[2025-04-05 20:32:23,126] {logging_mixin.py:120} INFO - Running <TaskInstance: Hello_ETL.load_transform_export 2025-04-05T15:01:15.403272+00:00 [running]> on host ROGZephyrusG14GA401QHGA401QH2abf6ae9
[2025-04-05 20:32:23,156] {bash_operator.py:113} INFO - Tmp dir root location: 
 /tmp
[2025-04-05 20:32:23,157] {bash_operator.py:134} INFO - Temporary script location: /tmp/airflowtmp8mp6w7gr/load_transform_export2btik70k
[2025-04-05 20:32:23,157] {bash_operator.py:146} INFO - Running command: bash /home/parveensharma/Documents/PythonPractice/Airflow_ETL/wrapper.sh 
[2025-04-05 20:32:23,167] {bash_operator.py:153} INFO - Output:
[2025-04-05 20:32:23,456] {bash_operator.py:157} INFO - Data written to /var/tmp/etl_output_20250405_20:32:23.csv
[2025-04-05 20:32:23,514] {bash_operator.py:159} INFO - Command exited with return code 0
[2025-04-05 20:32:23,530] {taskinstance.py:1057} INFO - Marking task as SUCCESS.dag_id=Hello_ETL, task_id=load_transform_export, execution_date=20250405T150115, start_date=20250405T150223, end_date=20250405T150223
[2025-04-05 20:32:28,017] {local_task_job.py:102} INFO - Task exited with return code 0
